<?xml version="1.0" encoding="UTF-8"?>
<coverage generated="1654605071822" clover="3.2.0">
  <project timestamp="1654605071823" name="All files">
    <metrics statements="177" coveredstatements="177" conditionals="7" coveredconditionals="7" methods="47" coveredmethods="47" elements="231" coveredelements="231" complexity="0" loc="177" ncloc="177" packages="6" files="20" classes="20"/>
    <package name="config">
      <metrics statements="14" coveredstatements="14" conditionals="0" coveredconditionals="0" methods="0" coveredmethods="0"/>
      <file name="config.constants.ts" path="F:\Documents\Documents\_Nest\nest-react-blog-marc\blog-backend\test\config\config.constants.ts">
        <metrics statements="9" coveredstatements="9" conditionals="0" coveredconditionals="0" methods="0" coveredmethods="0"/>
        <line num="1" count="5" type="stmt"/>
        <line num="2" count="5" type="stmt"/>
        <line num="3" count="5" type="stmt"/>
        <line num="4" count="5" type="stmt"/>
        <line num="5" count="5" type="stmt"/>
        <line num="6" count="5" type="stmt"/>
        <line num="7" count="5" type="stmt"/>
        <line num="8" count="5" type="stmt"/>
        <line num="9" count="5" type="stmt"/>
      </file>
      <file name="config.global.ts" path="F:\Documents\Documents\_Nest\nest-react-blog-marc\blog-backend\test\config\config.global.ts">
        <metrics statements="5" coveredstatements="5" conditionals="0" coveredconditionals="0" methods="0" coveredmethods="0"/>
        <line num="1" count="4" type="stmt"/>
        <line num="2" count="4" type="stmt"/>
        <line num="3" count="4" type="stmt"/>
        <line num="5" count="4" type="stmt"/>
        <line num="6" count="4" type="stmt"/>
      </file>
    </package>
    <package name="data">
      <metrics statements="58" coveredstatements="58" conditionals="0" coveredconditionals="0" methods="0" coveredmethods="0"/>
      <file name="app.data.ts" path="F:\Documents\Documents\_Nest\nest-react-blog-marc\blog-backend\test\data\app.data.ts">
        <metrics statements="1" coveredstatements="1" conditionals="0" coveredconditionals="0" methods="0" coveredmethods="0"/>
        <line num="1" count="1" type="stmt"/>
      </file>
      <file name="auth.data.ts" path="F:\Documents\Documents\_Nest\nest-react-blog-marc\blog-backend\test\data\auth.data.ts">
        <metrics statements="9" coveredstatements="9" conditionals="0" coveredconditionals="0" methods="0" coveredmethods="0"/>
        <line num="4" count="7" type="stmt"/>
        <line num="5" count="7" type="stmt"/>
        <line num="7" count="7" type="stmt"/>
        <line num="13" count="7" type="stmt"/>
        <line num="18" count="7" type="stmt"/>
        <line num="23" count="7" type="stmt"/>
        <line num="28" count="7" type="stmt"/>
        <line num="33" count="7" type="stmt"/>
        <line num="39" count="7" type="stmt"/>
      </file>
      <file name="config.data.ts" path="F:\Documents\Documents\_Nest\nest-react-blog-marc\blog-backend\test\data\config.data.ts">
        <metrics statements="5" coveredstatements="5" conditionals="0" coveredconditionals="0" methods="0" coveredmethods="0"/>
        <line num="2" count="1" type="stmt"/>
        <line num="3" count="1" type="stmt"/>
        <line num="5" count="1" type="stmt"/>
        <line num="6" count="1" type="stmt"/>
        <line num="7" count="1" type="stmt"/>
      </file>
      <file name="post.data.ts" path="F:\Documents\Documents\_Nest\nest-react-blog-marc\blog-backend\test\data\post.data.ts">
        <metrics statements="14" coveredstatements="14" conditionals="0" coveredconditionals="0" methods="0" coveredmethods="0"/>
        <line num="3" count="5" type="stmt"/>
        <line num="5" count="5" type="stmt"/>
        <line num="7" count="5" type="stmt"/>
        <line num="8" count="5" type="stmt"/>
        <line num="9" count="5" type="stmt"/>
        <line num="10" count="5" type="stmt"/>
        <line num="12" count="5" type="stmt"/>
        <line num="21" count="5" type="stmt"/>
        <line num="28" count="5" type="stmt"/>
        <line num="34" count="5" type="stmt"/>
        <line num="43" count="5" type="stmt"/>
        <line num="49" count="5" type="stmt"/>
        <line num="58" count="5" type="stmt"/>
        <line num="67" count="5" type="stmt"/>
      </file>
      <file name="token.data.ts" path="F:\Documents\Documents\_Nest\nest-react-blog-marc\blog-backend\test\data\token.data.ts">
        <metrics statements="2" coveredstatements="2" conditionals="0" coveredconditionals="0" methods="0" coveredmethods="0"/>
        <line num="4" count="1" type="stmt"/>
        <line num="5" count="1" type="stmt"/>
      </file>
      <file name="user.data.ts" path="F:\Documents\Documents\_Nest\nest-react-blog-marc\blog-backend\test\data\user.data.ts">
        <metrics statements="27" coveredstatements="27" conditionals="0" coveredconditionals="0" methods="0" coveredmethods="0"/>
        <line num="3" count="7" type="stmt"/>
        <line num="5" count="7" type="stmt"/>
        <line num="7" count="7" type="stmt"/>
        <line num="8" count="7" type="stmt"/>
        <line num="9" count="7" type="stmt"/>
        <line num="10" count="7" type="stmt"/>
        <line num="11" count="7" type="stmt"/>
        <line num="13" count="7" type="stmt"/>
        <line num="21" count="7" type="stmt"/>
        <line num="30" count="7" type="stmt"/>
        <line num="39" count="7" type="stmt"/>
        <line num="49" count="7" type="stmt"/>
        <line num="59" count="7" type="stmt"/>
        <line num="67" count="7" type="stmt"/>
        <line num="78" count="7" type="stmt"/>
        <line num="85" count="7" type="stmt"/>
        <line num="92" count="7" type="stmt"/>
        <line num="99" count="7" type="stmt"/>
        <line num="106" count="7" type="stmt"/>
        <line num="113" count="7" type="stmt"/>
        <line num="121" count="7" type="stmt"/>
        <line num="129" count="7" type="stmt"/>
        <line num="137" count="7" type="stmt"/>
        <line num="146" count="7" type="stmt"/>
        <line num="147" count="7" type="stmt"/>
        <line num="149" count="7" type="stmt"/>
        <line num="150" count="7" type="stmt"/>
      </file>
    </package>
    <package name="mock.data.mongo">
      <metrics statements="5" coveredstatements="5" conditionals="0" coveredconditionals="0" methods="0" coveredmethods="0"/>
      <file name="mongo-data.module.mock.ts" path="F:\Documents\Documents\_Nest\nest-react-blog-marc\blog-backend\test\mock\data\mongo\mongo-data.module.mock.ts">
        <metrics statements="5" coveredstatements="5" conditionals="0" coveredconditionals="0" methods="0" coveredmethods="0"/>
        <line num="1" count="4" type="stmt"/>
        <line num="2" count="4" type="stmt"/>
        <line num="3" count="4" type="stmt"/>
        <line num="4" count="4" type="stmt"/>
        <line num="17" count="4" type="stmt"/>
      </file>
    </package>
    <package name="mock.data.mongo.model">
      <metrics statements="32" coveredstatements="32" conditionals="6" coveredconditionals="6" methods="21" coveredmethods="21"/>
      <file name="post.repository.mock.ts" path="F:\Documents\Documents\_Nest\nest-react-blog-marc\blog-backend\test\mock\data\mongo\model\post.repository.mock.ts">
        <metrics statements="14" coveredstatements="14" conditionals="0" coveredconditionals="0" methods="11" coveredmethods="11"/>
        <line num="1" count="4" type="stmt"/>
        <line num="5" count="4" type="stmt"/>
        <line num="7" count="4" type="stmt"/>
        <line num="10" count="8" type="stmt"/>
        <line num="14" count="1" type="stmt"/>
        <line num="18" count="2" type="stmt"/>
        <line num="22" count="1" type="stmt"/>
        <line num="26" count="1" type="stmt"/>
        <line num="30" count="1" type="stmt"/>
        <line num="34" count="2" type="stmt"/>
        <line num="38" count="1" type="stmt"/>
        <line num="42" count="1" type="stmt"/>
        <line num="46" count="1" type="stmt"/>
        <line num="50" count="1" type="stmt"/>
      </file>
      <file name="user.repository.mock.ts" path="F:\Documents\Documents\_Nest\nest-react-blog-marc\blog-backend\test\mock\data\mongo\model\user.repository.mock.ts">
        <metrics statements="18" coveredstatements="18" conditionals="6" coveredconditionals="6" methods="10" coveredmethods="10"/>
        <line num="1" count="4" type="stmt"/>
        <line num="2" count="4" type="stmt"/>
        <line num="6" count="4" type="stmt"/>
        <line num="9" count="4" type="stmt"/>
        <line num="12" count="28" type="stmt"/>
        <line num="16" count="3" type="stmt"/>
        <line num="20" count="1" type="stmt"/>
        <line num="24" count="5" type="stmt"/>
        <line num="29" count="15" type="cond" truecount="3" falsecount="0"/>
        <line num="30" count="12" type="stmt"/>
        <line num="31" count="12" type="cond" truecount="3" falsecount="0"/>
        <line num="32" count="1" type="stmt"/>
        <line num="35" count="15" type="stmt"/>
        <line num="39" count="1" type="stmt"/>
        <line num="43" count="1" type="stmt"/>
        <line num="52" count="2" type="stmt"/>
        <line num="56" count="1" type="stmt"/>
        <line num="60" count="1" type="stmt"/>
      </file>
    </package>
    <package name="mock.modules">
      <metrics statements="10" coveredstatements="10" conditionals="1" coveredconditionals="1" methods="1" coveredmethods="1"/>
      <file name="data.module.mock.ts" path="F:\Documents\Documents\_Nest\nest-react-blog-marc\blog-backend\test\mock\modules\data.module.mock.ts">
        <metrics statements="10" coveredstatements="10" conditionals="1" coveredconditionals="1" methods="1" coveredmethods="1"/>
        <line num="1" count="4" type="stmt"/>
        <line num="3" count="4" type="stmt"/>
        <line num="4" count="4" type="stmt"/>
        <line num="6" count="4" type="stmt"/>
        <line num="10" count="39" type="stmt"/>
        <line num="13" count="39" type="stmt"/>
        <line num="15" count="38" type="cond" truecount="1" falsecount="0"/>
        <line num="17" count="38" type="stmt"/>
        <line num="18" count="38" type="stmt"/>
        <line num="21" count="38" type="stmt"/>
      </file>
    </package>
    <package name="providers">
      <metrics statements="58" coveredstatements="58" conditionals="0" coveredconditionals="0" methods="25" coveredmethods="25"/>
      <file name="app.service.provider.ts" path="F:\Documents\Documents\_Nest\nest-react-blog-marc\blog-backend\test\providers\app.service.provider.ts">
        <metrics statements="5" coveredstatements="5" conditionals="0" coveredconditionals="0" methods="1" coveredmethods="1"/>
        <line num="1" count="1" type="stmt"/>
        <line num="2" count="1" type="stmt"/>
        <line num="4" count="1" type="stmt"/>
        <line num="7" count="1" type="stmt"/>
        <line num="11" count="1" type="stmt"/>
      </file>
      <file name="auth.service.provider.ts" path="F:\Documents\Documents\_Nest\nest-react-blog-marc\blog-backend\test\providers\auth.service.provider.ts">
        <metrics statements="8" coveredstatements="8" conditionals="0" coveredconditionals="0" methods="3" coveredmethods="3"/>
        <line num="1" count="1" type="stmt"/>
        <line num="3" count="1" type="stmt"/>
        <line num="4" count="1" type="stmt"/>
        <line num="6" count="1" type="stmt"/>
        <line num="9" count="1" type="stmt"/>
        <line num="10" count="1" type="stmt"/>
        <line num="11" count="1" type="stmt"/>
        <line num="15" count="1" type="stmt"/>
      </file>
      <file name="cryptographer.service.provider.ts" path="F:\Documents\Documents\_Nest\nest-react-blog-marc\blog-backend\test\providers\cryptographer.service.provider.ts">
        <metrics statements="6" coveredstatements="6" conditionals="0" coveredconditionals="0" methods="2" coveredmethods="2"/>
        <line num="1" count="2" type="stmt"/>
        <line num="3" count="2" type="stmt"/>
        <line num="5" count="2" type="stmt"/>
        <line num="8" count="4" type="stmt"/>
        <line num="9" count="3" type="stmt"/>
        <line num="13" count="2" type="stmt"/>
      </file>
      <file name="jwt.service.provider.ts" path="F:\Documents\Documents\_Nest\nest-react-blog-marc\blog-backend\test\providers\jwt.service.provider.ts">
        <metrics statements="6" coveredstatements="6" conditionals="0" coveredconditionals="0" methods="2" coveredmethods="2"/>
        <line num="1" count="1" type="stmt"/>
        <line num="2" count="1" type="stmt"/>
        <line num="4" count="1" type="stmt"/>
        <line num="7" count="4" type="stmt"/>
        <line num="8" count="3" type="stmt"/>
        <line num="12" count="1" type="stmt"/>
      </file>
      <file name="post.repository.provider.ts" path="F:\Documents\Documents\_Nest\nest-react-blog-marc\blog-backend\test\providers\post.repository.provider.ts">
        <metrics statements="4" coveredstatements="4" conditionals="0" coveredconditionals="0" methods="0" coveredmethods="0"/>
        <line num="1" count="4" type="stmt"/>
        <line num="2" count="4" type="stmt"/>
        <line num="4" count="4" type="stmt"/>
        <line num="9" count="4" type="stmt"/>
      </file>
      <file name="post.service.provider.ts" path="F:\Documents\Documents\_Nest\nest-react-blog-marc\blog-backend\test\providers\post.service.provider.ts">
        <metrics statements="13" coveredstatements="13" conditionals="0" coveredconditionals="0" methods="9" coveredmethods="9"/>
        <line num="1" count="1" type="stmt"/>
        <line num="4" count="1" type="stmt"/>
        <line num="6" count="1" type="stmt"/>
        <line num="9" count="1" type="stmt"/>
        <line num="10" count="1" type="stmt"/>
        <line num="11" count="1" type="stmt"/>
        <line num="12" count="1" type="stmt"/>
        <line num="13" count="1" type="stmt"/>
        <line num="14" count="1" type="stmt"/>
        <line num="15" count="1" type="stmt"/>
        <line num="16" count="1" type="stmt"/>
        <line num="17" count="1" type="stmt"/>
        <line num="21" count="1" type="stmt"/>
      </file>
      <file name="user.repository.provider.ts" path="F:\Documents\Documents\_Nest\nest-react-blog-marc\blog-backend\test\providers\user.repository.provider.ts">
        <metrics statements="4" coveredstatements="4" conditionals="0" coveredconditionals="0" methods="0" coveredmethods="0"/>
        <line num="1" count="4" type="stmt"/>
        <line num="2" count="4" type="stmt"/>
        <line num="4" count="4" type="stmt"/>
        <line num="9" count="4" type="stmt"/>
      </file>
      <file name="user.service.provider.ts" path="F:\Documents\Documents\_Nest\nest-react-blog-marc\blog-backend\test\providers\user.service.provider.ts">
        <metrics statements="12" coveredstatements="12" conditionals="0" coveredconditionals="0" methods="8" coveredmethods="8"/>
        <line num="1" count="2" type="stmt"/>
        <line num="4" count="2" type="stmt"/>
        <line num="6" count="2" type="stmt"/>
        <line num="9" count="1" type="stmt"/>
        <line num="10" count="2" type="stmt"/>
        <line num="11" count="1" type="stmt"/>
        <line num="12" count="1" type="stmt"/>
        <line num="13" count="1" type="stmt"/>
        <line num="14" count="1" type="stmt"/>
        <line num="15" count="1" type="stmt"/>
        <line num="16" count="1" type="stmt"/>
        <line num="20" count="2" type="stmt"/>
      </file>
    </package>
  </project>
</coverage>
