{"F:\\Documents\\Documents\\_Nest\\nest-react-blog-marc\\blog-backend\\test\\config\\config.constants.ts": {"path":"F:\\Documents\\Documents\\_Nest\\nest-react-blog-marc\\blog-backend\\test\\config\\config.constants.ts","statementMap":{"0":{"start":{"line":1,"column":13},"end":{"line":1,"column":48}},"1":{"start":{"line":2,"column":13},"end":{"line":2,"column":44}},"2":{"start":{"line":3,"column":13},"end":{"line":3,"column":43}},"3":{"start":{"line":4,"column":13},"end":{"line":4,"column":103}},"4":{"start":{"line":5,"column":13},"end":{"line":5,"column":70}},"5":{"start":{"line":6,"column":13},"end":{"line":6,"column":39}},"6":{"start":{"line":7,"column":13},"end":{"line":7,"column":53}},"7":{"start":{"line":8,"column":13},"end":{"line":8,"column":48}},"8":{"start":{"line":9,"column":13},"end":{"line":9,"column":83}}},"fnMap":{},"branchMap":{},"s":{"0":5,"1":5,"2":5,"3":5,"4":5,"5":5,"6":5,"7":5,"8":5},"f":{},"b":{}}
,"F:\\Documents\\Documents\\_Nest\\nest-react-blog-marc\\blog-backend\\test\\config\\config.global.ts": {"path":"F:\\Documents\\Documents\\_Nest\\nest-react-blog-marc\\blog-backend\\test\\config\\config.global.ts","statementMap":{"0":{"start":{"line":1,"column":0},"end":{"line":1,"column":119}},"1":{"start":{"line":2,"column":0},"end":{"line":2,"column":64}},"2":{"start":{"line":3,"column":0},"end":{"line":3,"column":66}},"3":{"start":{"line":5,"column":13},"end":{"line":5,"column":125}},"4":{"start":{"line":6,"column":13},"end":{"line":7,"column":85}}},"fnMap":{},"branchMap":{},"s":{"0":4,"1":4,"2":4,"3":4,"4":4},"f":{},"b":{}}
,"F:\\Documents\\Documents\\_Nest\\nest-react-blog-marc\\blog-backend\\test\\data\\app.data.ts": {"path":"F:\\Documents\\Documents\\_Nest\\nest-react-blog-marc\\blog-backend\\test\\data\\app.data.ts","statementMap":{"0":{"start":{"line":1,"column":13},"end":{"line":1,"column":49}}},"fnMap":{},"branchMap":{},"s":{"0":1},"f":{},"b":{}}
,"F:\\Documents\\Documents\\_Nest\\nest-react-blog-marc\\blog-backend\\test\\data\\auth.data.ts": {"path":"F:\\Documents\\Documents\\_Nest\\nest-react-blog-marc\\blog-backend\\test\\data\\auth.data.ts","statementMap":{"0":{"start":{"line":4,"column":13},"end":{"line":4,"column":68}},"1":{"start":{"line":5,"column":13},"end":{"line":5,"column":73}},"2":{"start":{"line":7,"column":13},"end":{"line":11,"column":2}},"3":{"start":{"line":13,"column":13},"end":{"line":16,"column":2}},"4":{"start":{"line":18,"column":13},"end":{"line":21,"column":2}},"5":{"start":{"line":23,"column":13},"end":{"line":26,"column":2}},"6":{"start":{"line":28,"column":13},"end":{"line":31,"column":2}},"7":{"start":{"line":33,"column":13},"end":{"line":37,"column":2}},"8":{"start":{"line":39,"column":13},"end":{"line":43,"column":2}}},"fnMap":{},"branchMap":{},"s":{"0":7,"1":7,"2":7,"3":7,"4":7,"5":7,"6":7,"7":7,"8":7},"f":{},"b":{}}
,"F:\\Documents\\Documents\\_Nest\\nest-react-blog-marc\\blog-backend\\test\\data\\config.data.ts": {"path":"F:\\Documents\\Documents\\_Nest\\nest-react-blog-marc\\blog-backend\\test\\data\\config.data.ts","statementMap":{"0":{"start":{"line":2,"column":0},"end":{"line":2,"column":64}},"1":{"start":{"line":3,"column":0},"end":{"line":3,"column":64}},"2":{"start":{"line":5,"column":13},"end":{"line":5,"column":99}},"3":{"start":{"line":6,"column":13},"end":{"line":6,"column":140}},"4":{"start":{"line":7,"column":13},"end":{"line":7,"column":144}}},"fnMap":{},"branchMap":{},"s":{"0":1,"1":1,"2":1,"3":1,"4":1},"f":{},"b":{}}
,"F:\\Documents\\Documents\\_Nest\\nest-react-blog-marc\\blog-backend\\test\\data\\post.data.ts": {"path":"F:\\Documents\\Documents\\_Nest\\nest-react-blog-marc\\blog-backend\\test\\data\\post.data.ts","statementMap":{"0":{"start":{"line":3,"column":0},"end":{"line":3,"column":89}},"1":{"start":{"line":5,"column":30},"end":{"line":5,"column":40}},"2":{"start":{"line":7,"column":13},"end":{"line":7,"column":41}},"3":{"start":{"line":8,"column":13},"end":{"line":8,"column":44}},"4":{"start":{"line":9,"column":13},"end":{"line":9,"column":31}},"5":{"start":{"line":10,"column":13},"end":{"line":10,"column":38}},"6":{"start":{"line":12,"column":13},"end":{"line":19,"column":2}},"7":{"start":{"line":21,"column":13},"end":{"line":26,"column":2}},"8":{"start":{"line":28,"column":13},"end":{"line":32,"column":2}},"9":{"start":{"line":34,"column":13},"end":{"line":41,"column":2}},"10":{"start":{"line":43,"column":13},"end":{"line":50,"column":2}},"11":{"start":{"line":52,"column":13},"end":{"line":52,"column":56}}},"fnMap":{},"branchMap":{},"s":{"0":5,"1":5,"2":5,"3":5,"4":5,"5":5,"6":5,"7":5,"8":5,"9":5,"10":5,"11":5},"f":{},"b":{}}
,"F:\\Documents\\Documents\\_Nest\\nest-react-blog-marc\\blog-backend\\test\\data\\token.data.ts": {"path":"F:\\Documents\\Documents\\_Nest\\nest-react-blog-marc\\blog-backend\\test\\data\\token.data.ts","statementMap":{"0":{"start":{"line":4,"column":13},"end":{"line":4,"column":45}},"1":{"start":{"line":5,"column":13},"end":{"line":5,"column":71}}},"fnMap":{},"branchMap":{},"s":{"0":1,"1":1},"f":{},"b":{}}
,"F:\\Documents\\Documents\\_Nest\\nest-react-blog-marc\\blog-backend\\test\\data\\user.data.ts": {"path":"F:\\Documents\\Documents\\_Nest\\nest-react-blog-marc\\blog-backend\\test\\data\\user.data.ts","statementMap":{"0":{"start":{"line":3,"column":0},"end":{"line":3,"column":44}},"1":{"start":{"line":5,"column":28},"end":{"line":5,"column":38}},"2":{"start":{"line":7,"column":13},"end":{"line":7,"column":41}},"3":{"start":{"line":8,"column":13},"end":{"line":8,"column":31}},"4":{"start":{"line":9,"column":13},"end":{"line":9,"column":36}},"5":{"start":{"line":11,"column":13},"end":{"line":17,"column":2}},"6":{"start":{"line":19,"column":13},"end":{"line":26,"column":2}},"7":{"start":{"line":28,"column":13},"end":{"line":35,"column":2}},"8":{"start":{"line":37,"column":13},"end":{"line":45,"column":2}},"9":{"start":{"line":47,"column":13},"end":{"line":55,"column":2}},"10":{"start":{"line":57,"column":13},"end":{"line":63,"column":2}},"11":{"start":{"line":65,"column":13},"end":{"line":74,"column":2}},"12":{"start":{"line":76,"column":13},"end":{"line":81,"column":2}},"13":{"start":{"line":83,"column":13},"end":{"line":88,"column":2}},"14":{"start":{"line":90,"column":13},"end":{"line":95,"column":2}},"15":{"start":{"line":97,"column":13},"end":{"line":102,"column":2}},"16":{"start":{"line":104,"column":13},"end":{"line":109,"column":2}},"17":{"start":{"line":111,"column":13},"end":{"line":117,"column":2}},"18":{"start":{"line":119,"column":13},"end":{"line":125,"column":2}},"19":{"start":{"line":127,"column":13},"end":{"line":134,"column":2}},"20":{"start":{"line":136,"column":13},"end":{"line":136,"column":80}},"21":{"start":{"line":137,"column":13},"end":{"line":137,"column":86}}},"fnMap":{},"branchMap":{},"s":{"0":7,"1":7,"2":7,"3":7,"4":7,"5":7,"6":7,"7":7,"8":7,"9":7,"10":7,"11":7,"12":7,"13":7,"14":7,"15":7,"16":7,"17":7,"18":7,"19":7,"20":7,"21":7},"f":{},"b":{}}
,"F:\\Documents\\Documents\\_Nest\\nest-react-blog-marc\\blog-backend\\test\\mock\\app.service.mock.ts": {"path":"F:\\Documents\\Documents\\_Nest\\nest-react-blog-marc\\blog-backend\\test\\mock\\app.service.mock.ts","statementMap":{"0":{"start":{"line":1,"column":0},"end":{"line":1,"column":60}},"1":{"start":{"line":2,"column":0},"end":{"line":2,"column":50}},"2":{"start":{"line":4,"column":23},"end":{"line":9,"column":2}},"3":{"start":{"line":7,"column":56},"end":{"line":7,"column":70}},"4":{"start":{"line":11,"column":0},"end":{"line":11,"column":30}}},"fnMap":{"0":{"name":"(anonymous_0)","decl":{"start":{"line":7,"column":50},"end":{"line":7,"column":53}},"loc":{"start":{"line":7,"column":56},"end":{"line":7,"column":70}}}},"branchMap":{},"s":{"0":1,"1":1,"2":1,"3":1,"4":1},"f":{"0":1},"b":{}}
,"F:\\Documents\\Documents\\_Nest\\nest-react-blog-marc\\blog-backend\\test\\mock\\auth.service.mock.ts": {"path":"F:\\Documents\\Documents\\_Nest\\nest-react-blog-marc\\blog-backend\\test\\mock\\auth.service.mock.ts","statementMap":{"0":{"start":{"line":1,"column":0},"end":{"line":1,"column":62}},"1":{"start":{"line":3,"column":0},"end":{"line":3,"column":51}},"2":{"start":{"line":4,"column":0},"end":{"line":4,"column":67}},"3":{"start":{"line":6,"column":24},"end":{"line":13,"column":2}},"4":{"start":{"line":9,"column":69},"end":{"line":9,"column":100}},"5":{"start":{"line":10,"column":66},"end":{"line":10,"column":94}},"6":{"start":{"line":11,"column":75},"end":{"line":11,"column":110}},"7":{"start":{"line":15,"column":0},"end":{"line":15,"column":31}}},"fnMap":{"0":{"name":"(anonymous_0)","decl":{"start":{"line":9,"column":50},"end":{"line":9,"column":51}},"loc":{"start":{"line":9,"column":69},"end":{"line":9,"column":100}}},"1":{"name":"(anonymous_1)","decl":{"start":{"line":10,"column":42},"end":{"line":10,"column":43}},"loc":{"start":{"line":10,"column":66},"end":{"line":10,"column":94}}},"2":{"name":"(anonymous_2)","decl":{"start":{"line":11,"column":45},"end":{"line":11,"column":46}},"loc":{"start":{"line":11,"column":75},"end":{"line":11,"column":110}}}},"branchMap":{},"s":{"0":1,"1":1,"2":1,"3":1,"4":1,"5":1,"6":1,"7":1},"f":{"0":1,"1":1,"2":1},"b":{}}
,"F:\\Documents\\Documents\\_Nest\\nest-react-blog-marc\\blog-backend\\test\\mock\\cryptographer.service.mock.ts": {"path":"F:\\Documents\\Documents\\_Nest\\nest-react-blog-marc\\blog-backend\\test\\mock\\cryptographer.service.mock.ts","statementMap":{"0":{"start":{"line":1,"column":0},"end":{"line":1,"column":80}},"1":{"start":{"line":3,"column":13},"end":{"line":3,"column":48}},"2":{"start":{"line":5,"column":33},"end":{"line":11,"column":2}},"3":{"start":{"line":8,"column":73},"end":{"line":8,"column":87}},"4":{"start":{"line":9,"column":111},"end":{"line":9,"column":115}},"5":{"start":{"line":13,"column":0},"end":{"line":13,"column":40}}},"fnMap":{"0":{"name":"(anonymous_0)","decl":{"start":{"line":8,"column":51},"end":{"line":8,"column":52}},"loc":{"start":{"line":8,"column":73},"end":{"line":8,"column":87}}},"1":{"name":"(anonymous_1)","decl":{"start":{"line":9,"column":52},"end":{"line":9,"column":53}},"loc":{"start":{"line":9,"column":111},"end":{"line":9,"column":115}}}},"branchMap":{},"s":{"0":2,"1":2,"2":2,"3":4,"4":3,"5":2},"f":{"0":4,"1":3},"b":{}}
,"F:\\Documents\\Documents\\_Nest\\nest-react-blog-marc\\blog-backend\\test\\mock\\jwt.service.mock.ts": {"path":"F:\\Documents\\Documents\\_Nest\\nest-react-blog-marc\\blog-backend\\test\\mock\\jwt.service.mock.ts","statementMap":{"0":{"start":{"line":1,"column":0},"end":{"line":1,"column":57}},"1":{"start":{"line":2,"column":0},"end":{"line":2,"column":70}},"2":{"start":{"line":4,"column":23},"end":{"line":10,"column":2}},"3":{"start":{"line":7,"column":98},"end":{"line":7,"column":112}},"4":{"start":{"line":8,"column":84},"end":{"line":8,"column":135}},"5":{"start":{"line":12,"column":0},"end":{"line":12,"column":30}}},"fnMap":{"0":{"name":"(anonymous_0)","decl":{"start":{"line":7,"column":43},"end":{"line":7,"column":44}},"loc":{"start":{"line":7,"column":98},"end":{"line":7,"column":112}}},"1":{"name":"(anonymous_1)","decl":{"start":{"line":8,"column":50},"end":{"line":8,"column":54}},"loc":{"start":{"line":8,"column":84},"end":{"line":8,"column":135}}}},"branchMap":{},"s":{"0":1,"1":1,"2":1,"3":4,"4":3,"5":1},"f":{"0":4,"1":3},"b":{}}
,"F:\\Documents\\Documents\\_Nest\\nest-react-blog-marc\\blog-backend\\test\\mock\\post.service.mock.ts": {"path":"F:\\Documents\\Documents\\_Nest\\nest-react-blog-marc\\blog-backend\\test\\mock\\post.service.mock.ts","statementMap":{"0":{"start":{"line":1,"column":0},"end":{"line":1,"column":67}},"1":{"start":{"line":4,"column":0},"end":{"line":4,"column":60}},"2":{"start":{"line":6,"column":24},"end":{"line":19,"column":2}},"3":{"start":{"line":9,"column":54},"end":{"line":9,"column":81}},"4":{"start":{"line":10,"column":64},"end":{"line":10,"column":89}},"5":{"start":{"line":11,"column":80},"end":{"line":11,"column":110}},"6":{"start":{"line":12,"column":75},"end":{"line":12,"column":100}},"7":{"start":{"line":13,"column":80},"end":{"line":13,"column":107}},"8":{"start":{"line":14,"column":85},"end":{"line":14,"column":115}},"9":{"start":{"line":15,"column":69},"end":{"line":15,"column":94}},"10":{"start":{"line":16,"column":93},"end":{"line":16,"column":118}},"11":{"start":{"line":17,"column":63},"end":{"line":17,"column":88}},"12":{"start":{"line":21,"column":0},"end":{"line":21,"column":31}}},"fnMap":{"0":{"name":"(anonymous_0)","decl":{"start":{"line":9,"column":48},"end":{"line":9,"column":51}},"loc":{"start":{"line":9,"column":54},"end":{"line":9,"column":81}}},"1":{"name":"(anonymous_1)","decl":{"start":{"line":10,"column":48},"end":{"line":10,"column":49}},"loc":{"start":{"line":10,"column":64},"end":{"line":10,"column":89}}},"2":{"name":"(anonymous_2)","decl":{"start":{"line":11,"column":60},"end":{"line":11,"column":61}},"loc":{"start":{"line":11,"column":80},"end":{"line":11,"column":110}}},"3":{"name":"(anonymous_3)","decl":{"start":{"line":12,"column":45},"end":{"line":12,"column":46}},"loc":{"start":{"line":12,"column":75},"end":{"line":12,"column":100}}},"4":{"name":"(anonymous_4)","decl":{"start":{"line":13,"column":50},"end":{"line":13,"column":51}},"loc":{"start":{"line":13,"column":80},"end":{"line":13,"column":107}}},"5":{"name":"(anonymous_5)","decl":{"start":{"line":14,"column":55},"end":{"line":14,"column":56}},"loc":{"start":{"line":14,"column":85},"end":{"line":14,"column":115}}},"6":{"name":"(anonymous_6)","decl":{"start":{"line":15,"column":47},"end":{"line":15,"column":48}},"loc":{"start":{"line":15,"column":69},"end":{"line":15,"column":94}}},"7":{"name":"(anonymous_7)","decl":{"start":{"line":16,"column":47},"end":{"line":16,"column":48}},"loc":{"start":{"line":16,"column":93},"end":{"line":16,"column":118}}},"8":{"name":"(anonymous_8)","decl":{"start":{"line":17,"column":47},"end":{"line":17,"column":48}},"loc":{"start":{"line":17,"column":63},"end":{"line":17,"column":88}}}},"branchMap":{},"s":{"0":1,"1":1,"2":1,"3":1,"4":1,"5":1,"6":1,"7":1,"8":1,"9":1,"10":1,"11":1,"12":1},"f":{"0":1,"1":1,"2":1,"3":1,"4":1,"5":1,"6":1,"7":1,"8":1},"b":{}}
,"F:\\Documents\\Documents\\_Nest\\nest-react-blog-marc\\blog-backend\\test\\mock\\user.service.mock.ts": {"path":"F:\\Documents\\Documents\\_Nest\\nest-react-blog-marc\\blog-backend\\test\\mock\\user.service.mock.ts","statementMap":{"0":{"start":{"line":1,"column":0},"end":{"line":1,"column":67}},"1":{"start":{"line":4,"column":0},"end":{"line":4,"column":72}},"2":{"start":{"line":6,"column":24},"end":{"line":18,"column":2}},"3":{"start":{"line":9,"column":54},"end":{"line":9,"column":93}},"4":{"start":{"line":10,"column":64},"end":{"line":10,"column":101}},"5":{"start":{"line":11,"column":75},"end":{"line":11,"column":112}},"6":{"start":{"line":12,"column":80},"end":{"line":12,"column":119}},"7":{"start":{"line":13,"column":85},"end":{"line":13,"column":115}},"8":{"start":{"line":14,"column":69},"end":{"line":14,"column":106}},"9":{"start":{"line":15,"column":93},"end":{"line":15,"column":130}},"10":{"start":{"line":16,"column":63},"end":{"line":16,"column":100}},"11":{"start":{"line":20,"column":0},"end":{"line":20,"column":31}}},"fnMap":{"0":{"name":"(anonymous_0)","decl":{"start":{"line":9,"column":48},"end":{"line":9,"column":51}},"loc":{"start":{"line":9,"column":54},"end":{"line":9,"column":93}}},"1":{"name":"(anonymous_1)","decl":{"start":{"line":10,"column":48},"end":{"line":10,"column":49}},"loc":{"start":{"line":10,"column":64},"end":{"line":10,"column":101}}},"2":{"name":"(anonymous_2)","decl":{"start":{"line":11,"column":45},"end":{"line":11,"column":46}},"loc":{"start":{"line":11,"column":75},"end":{"line":11,"column":112}}},"3":{"name":"(anonymous_3)","decl":{"start":{"line":12,"column":50},"end":{"line":12,"column":51}},"loc":{"start":{"line":12,"column":80},"end":{"line":12,"column":119}}},"4":{"name":"(anonymous_4)","decl":{"start":{"line":13,"column":55},"end":{"line":13,"column":56}},"loc":{"start":{"line":13,"column":85},"end":{"line":13,"column":115}}},"5":{"name":"(anonymous_5)","decl":{"start":{"line":14,"column":47},"end":{"line":14,"column":48}},"loc":{"start":{"line":14,"column":69},"end":{"line":14,"column":106}}},"6":{"name":"(anonymous_6)","decl":{"start":{"line":15,"column":47},"end":{"line":15,"column":48}},"loc":{"start":{"line":15,"column":93},"end":{"line":15,"column":130}}},"7":{"name":"(anonymous_7)","decl":{"start":{"line":16,"column":47},"end":{"line":16,"column":48}},"loc":{"start":{"line":16,"column":63},"end":{"line":16,"column":100}}}},"branchMap":{},"s":{"0":2,"1":2,"2":2,"3":1,"4":2,"5":1,"6":1,"7":1,"8":1,"9":1,"10":1,"11":2},"f":{"0":1,"1":2,"2":1,"3":1,"4":1,"5":1,"6":1,"7":1},"b":{}}
,"F:\\Documents\\Documents\\_Nest\\nest-react-blog-marc\\blog-backend\\test\\providers\\post.repository.stub.provider.ts": {"path":"F:\\Documents\\Documents\\_Nest\\nest-react-blog-marc\\blog-backend\\test\\providers\\post.repository.stub.provider.ts","statementMap":{"0":{"start":{"line":1,"column":0},"end":{"line":1,"column":72}},"1":{"start":{"line":2,"column":0},"end":{"line":2,"column":67}},"2":{"start":{"line":4,"column":35},"end":{"line":7,"column":2}},"3":{"start":{"line":9,"column":0},"end":{"line":9,"column":42}}},"fnMap":{},"branchMap":{},"s":{"0":4,"1":4,"2":4,"3":4},"f":{},"b":{}}
,"F:\\Documents\\Documents\\_Nest\\nest-react-blog-marc\\blog-backend\\test\\providers\\user.repository.stub.provider.ts": {"path":"F:\\Documents\\Documents\\_Nest\\nest-react-blog-marc\\blog-backend\\test\\providers\\user.repository.stub.provider.ts","statementMap":{"0":{"start":{"line":1,"column":0},"end":{"line":1,"column":72}},"1":{"start":{"line":2,"column":0},"end":{"line":2,"column":67}},"2":{"start":{"line":4,"column":35},"end":{"line":7,"column":2}},"3":{"start":{"line":9,"column":0},"end":{"line":9,"column":42}}},"fnMap":{},"branchMap":{},"s":{"0":4,"1":4,"2":4,"3":4},"f":{},"b":{}}
,"F:\\Documents\\Documents\\_Nest\\nest-react-blog-marc\\blog-backend\\test\\stubs\\data.module.stub.ts": {"path":"F:\\Documents\\Documents\\_Nest\\nest-react-blog-marc\\blog-backend\\test\\stubs\\data.module.stub.ts","statementMap":{"0":{"start":{"line":1,"column":0},"end":{"line":1,"column":55}},"1":{"start":{"line":3,"column":0},"end":{"line":3,"column":70}},"2":{"start":{"line":4,"column":0},"end":{"line":4,"column":63}},"3":{"start":{"line":6,"column":27},"end":{"line":26,"column":null}},"4":{"start":{"line":10,"column":27},"end":{"line":10,"column":29}},"5":{"start":{"line":13,"column":27},"end":{"line":13,"column":67}},"6":{"start":{"line":15,"column":4},"end":{"line":19,"column":null}},"7":{"start":{"line":17,"column":8},"end":{"line":17,"column":42}},"8":{"start":{"line":18,"column":8},"end":{"line":18,"column":14}},"9":{"start":{"line":21,"column":4},"end":{"line":24,"column":8}},"10":{"start":{"line":6,"column":13},"end":{"line":26,"column":null}},"11":{"start":{"line":6,"column":13},"end":{"line":6,"column":27}}},"fnMap":{"0":{"name":"(anonymous_1)","decl":{"start":{"line":8,"column":9},"end":{"line":8,"column":15}},"loc":{"start":{"line":8,"column":54},"end":{"line":25,"column":3}}}},"branchMap":{"0":{"loc":{"start":{"line":15,"column":4},"end":{"line":19,"column":null}},"type":"switch","locations":[{"start":{"line":16,"column":6},"end":{"line":18,"column":14}}]}},"s":{"0":4,"1":4,"2":4,"3":4,"4":42,"5":42,"6":41,"7":41,"8":41,"9":41,"10":4,"11":4},"f":{"0":42},"b":{"0":[41]}}
,"F:\\Documents\\Documents\\_Nest\\nest-react-blog-marc\\blog-backend\\test\\stubs\\mongo-data.module.stub.ts": {"path":"F:\\Documents\\Documents\\_Nest\\nest-react-blog-marc\\blog-backend\\test\\stubs\\mongo-data.module.stub.ts","statementMap":{"0":{"start":{"line":1,"column":0},"end":{"line":1,"column":48}},"1":{"start":{"line":2,"column":0},"end":{"line":2,"column":82}},"2":{"start":{"line":3,"column":0},"end":{"line":3,"column":84}},"3":{"start":{"line":4,"column":0},"end":{"line":4,"column":84}},"4":{"start":{"line":17,"column":0},"end":{"line":17,"column":null}},"5":{"start":{"line":17,"column":13},"end":{"line":17,"column":null}},"6":{"start":{"line":17,"column":13},"end":{"line":17,"column":32}}},"fnMap":{},"branchMap":{},"s":{"0":4,"1":4,"2":4,"3":4,"4":4,"5":4,"6":4},"f":{},"b":{}}
,"F:\\Documents\\Documents\\_Nest\\nest-react-blog-marc\\blog-backend\\test\\stubs\\post.repository.stub.ts": {"path":"F:\\Documents\\Documents\\_Nest\\nest-react-blog-marc\\blog-backend\\test\\stubs\\post.repository.stub.ts","statementMap":{"0":{"start":{"line":1,"column":0},"end":{"line":1,"column":44}},"1":{"start":{"line":5,"column":0},"end":{"line":5,"column":60}},"2":{"start":{"line":7,"column":0},"end":{"line":52,"column":null}},"3":{"start":{"line":10,"column":8},"end":{"line":10,"column":19}},"4":{"start":{"line":14,"column":8},"end":{"line":14,"column":19}},"5":{"start":{"line":18,"column":8},"end":{"line":18,"column":43}},"6":{"start":{"line":22,"column":8},"end":{"line":22,"column":41}},"7":{"start":{"line":26,"column":8},"end":{"line":26,"column":41}},"8":{"start":{"line":30,"column":8},"end":{"line":30,"column":43}},"9":{"start":{"line":34,"column":8},"end":{"line":34,"column":46}},"10":{"start":{"line":38,"column":8},"end":{"line":38,"column":46}},"11":{"start":{"line":42,"column":8},"end":{"line":42,"column":41}},"12":{"start":{"line":46,"column":8},"end":{"line":46,"column":41}},"13":{"start":{"line":50,"column":8},"end":{"line":50,"column":41}},"14":{"start":{"line":7,"column":13},"end":{"line":52,"column":null}},"15":{"start":{"line":7,"column":13},"end":{"line":7,"column":31}}},"fnMap":{"0":{"name":"(anonymous_1)","decl":{"start":{"line":9,"column":4},"end":{"line":9,"column":26}},"loc":{"start":{"line":9,"column":35},"end":{"line":11,"column":7}}},"1":{"name":"(anonymous_2)","decl":{"start":{"line":13,"column":6},"end":{"line":13,"column":30}},"loc":{"start":{"line":13,"column":39},"end":{"line":15,"column":7}}},"2":{"name":"(anonymous_3)","decl":{"start":{"line":17,"column":4},"end":{"line":17,"column":9}},"loc":{"start":{"line":17,"column":16},"end":{"line":19,"column":5}}},"3":{"name":"(anonymous_4)","decl":{"start":{"line":21,"column":4},"end":{"line":21,"column":9}},"loc":{"start":{"line":21,"column":24},"end":{"line":23,"column":5}}},"4":{"name":"(anonymous_5)","decl":{"start":{"line":25,"column":4},"end":{"line":25,"column":9}},"loc":{"start":{"line":25,"column":42},"end":{"line":27,"column":5}}},"5":{"name":"(anonymous_6)","decl":{"start":{"line":29,"column":4},"end":{"line":29,"column":9}},"loc":{"start":{"line":29,"column":43},"end":{"line":31,"column":5}}},"6":{"name":"(anonymous_7)","decl":{"start":{"line":33,"column":4},"end":{"line":33,"column":9}},"loc":{"start":{"line":33,"column":48},"end":{"line":35,"column":5}}},"7":{"name":"(anonymous_8)","decl":{"start":{"line":37,"column":4},"end":{"line":37,"column":9}},"loc":{"start":{"line":37,"column":86},"end":{"line":39,"column":5}}},"8":{"name":"(anonymous_9)","decl":{"start":{"line":41,"column":4},"end":{"line":41,"column":9}},"loc":{"start":{"line":41,"column":27},"end":{"line":43,"column":5}}},"9":{"name":"(anonymous_10)","decl":{"start":{"line":45,"column":4},"end":{"line":45,"column":9}},"loc":{"start":{"line":45,"column":58},"end":{"line":47,"column":5}}},"10":{"name":"(anonymous_11)","decl":{"start":{"line":49,"column":4},"end":{"line":49,"column":9}},"loc":{"start":{"line":49,"column":46},"end":{"line":51,"column":5}}}},"branchMap":{},"s":{"0":4,"1":4,"2":4,"3":7,"4":1,"5":1,"6":1,"7":1,"8":1,"9":2,"10":1,"11":1,"12":1,"13":1,"14":4,"15":4},"f":{"0":7,"1":1,"2":1,"3":1,"4":1,"5":1,"6":2,"7":1,"8":1,"9":1,"10":1},"b":{}}
,"F:\\Documents\\Documents\\_Nest\\nest-react-blog-marc\\blog-backend\\test\\stubs\\user.repository.stub.ts": {"path":"F:\\Documents\\Documents\\_Nest\\nest-react-blog-marc\\blog-backend\\test\\stubs\\user.repository.stub.ts","statementMap":{"0":{"start":{"line":1,"column":0},"end":{"line":1,"column":44}},"1":{"start":{"line":2,"column":0},"end":{"line":2,"column":42}},"2":{"start":{"line":6,"column":0},"end":{"line":6,"column":119}},"3":{"start":{"line":9,"column":0},"end":{"line":62,"column":null}},"4":{"start":{"line":12,"column":8},"end":{"line":12,"column":19}},"5":{"start":{"line":16,"column":8},"end":{"line":16,"column":19}},"6":{"start":{"line":20,"column":8},"end":{"line":20,"column":55}},"7":{"start":{"line":24,"column":8},"end":{"line":24,"column":53}},"8":{"start":{"line":29,"column":8},"end":{"line":34,"column":null}},"9":{"start":{"line":30,"column":12},"end":{"line":30,"column":40}},"10":{"start":{"line":31,"column":12},"end":{"line":33,"column":null}},"11":{"start":{"line":32,"column":16},"end":{"line":32,"column":49}},"12":{"start":{"line":35,"column":8},"end":{"line":35,"column":37}},"13":{"start":{"line":39,"column":8},"end":{"line":39,"column":55}},"14":{"start":{"line":43,"column":8},"end":{"line":43,"column":46}},"15":{"start":{"line":52,"column":8},"end":{"line":52,"column":53}},"16":{"start":{"line":56,"column":8},"end":{"line":56,"column":53}},"17":{"start":{"line":60,"column":8},"end":{"line":60,"column":53}},"18":{"start":{"line":9,"column":13},"end":{"line":62,"column":null}},"19":{"start":{"line":9,"column":13},"end":{"line":9,"column":31}}},"fnMap":{"0":{"name":"(anonymous_1)","decl":{"start":{"line":11,"column":5},"end":{"line":11,"column":27}},"loc":{"start":{"line":11,"column":36},"end":{"line":13,"column":5}}},"1":{"name":"(anonymous_2)","decl":{"start":{"line":15,"column":4},"end":{"line":15,"column":28}},"loc":{"start":{"line":15,"column":37},"end":{"line":17,"column":5}}},"2":{"name":"(anonymous_3)","decl":{"start":{"line":19,"column":4},"end":{"line":19,"column":9}},"loc":{"start":{"line":19,"column":16},"end":{"line":21,"column":5}}},"3":{"name":"(anonymous_4)","decl":{"start":{"line":23,"column":4},"end":{"line":23,"column":9}},"loc":{"start":{"line":23,"column":24},"end":{"line":25,"column":5}}},"4":{"name":"(anonymous_5)","decl":{"start":{"line":27,"column":4},"end":{"line":27,"column":9}},"loc":{"start":{"line":27,"column":42},"end":{"line":36,"column":5}}},"5":{"name":"(anonymous_6)","decl":{"start":{"line":38,"column":4},"end":{"line":38,"column":9}},"loc":{"start":{"line":38,"column":43},"end":{"line":40,"column":5}}},"6":{"name":"(anonymous_7)","decl":{"start":{"line":42,"column":4},"end":{"line":42,"column":9}},"loc":{"start":{"line":42,"column":48},"end":{"line":44,"column":5}}},"7":{"name":"(anonymous_8)","decl":{"start":{"line":51,"column":4},"end":{"line":51,"column":9}},"loc":{"start":{"line":51,"column":27},"end":{"line":53,"column":5}}},"8":{"name":"(anonymous_9)","decl":{"start":{"line":55,"column":4},"end":{"line":55,"column":9}},"loc":{"start":{"line":55,"column":58},"end":{"line":57,"column":5}}},"9":{"name":"(anonymous_10)","decl":{"start":{"line":59,"column":4},"end":{"line":59,"column":9}},"loc":{"start":{"line":59,"column":46},"end":{"line":61,"column":5}}}},"branchMap":{"0":{"loc":{"start":{"line":29,"column":8},"end":{"line":34,"column":null}},"type":"if","locations":[{"start":{"line":29,"column":8},"end":{"line":34,"column":null}}]},"1":{"loc":{"start":{"line":29,"column":12},"end":{"line":29,"column":92}},"type":"binary-expr","locations":[{"start":{"line":29,"column":12},"end":{"line":29,"column":46}},{"start":{"line":29,"column":50},"end":{"line":29,"column":92}}]},"2":{"loc":{"start":{"line":31,"column":12},"end":{"line":33,"column":null}},"type":"if","locations":[{"start":{"line":31,"column":12},"end":{"line":33,"column":null}}]},"3":{"loc":{"start":{"line":31,"column":16},"end":{"line":31,"column":87}},"type":"binary-expr","locations":[{"start":{"line":31,"column":16},"end":{"line":31,"column":48}},{"start":{"line":31,"column":52},"end":{"line":31,"column":87}}]}},"s":{"0":4,"1":4,"2":4,"3":4,"4":26,"5":3,"6":1,"7":4,"8":15,"9":12,"10":12,"11":1,"12":15,"13":1,"14":1,"15":2,"16":1,"17":1,"18":4,"19":4},"f":{"0":26,"1":3,"2":1,"3":4,"4":15,"5":1,"6":1,"7":2,"8":1,"9":1},"b":{"0":[12],"1":[15,15],"2":[1],"3":[12,7]}}
}
