TN:
SF:test\config\config.constants.ts
FNF:0
FNH:0
DA:1,6
DA:2,6
DA:3,6
DA:4,6
DA:5,6
DA:6,6
DA:7,6
DA:8,6
DA:9,6
LF:9
LH:9
BRF:0
BRH:0
end_of_record
TN:
SF:test\config\config.global.ts
FNF:0
FNH:0
DA:1,5
DA:2,5
DA:3,5
DA:5,5
DA:6,5
LF:5
LH:5
BRF:0
BRH:0
end_of_record
TN:
SF:test\controllers\guards\check.guards.ts
FN:6,compareRoles
FN:14,(anonymous_1)
FN:19,checkJwtRefreshAuthGuard
FN:25,checkAuthGuard
FNF:4
FNH:4
FNDA:10,compareRoles
FNDA:13,(anonymous_1)
FNDA:1,checkJwtRefreshAuthGuard
FNDA:10,checkAuthGuard
DA:2,3
DA:3,3
DA:4,3
DA:7,10
DA:8,10
DA:10,10
DA:11,1
DA:14,9
DA:15,13
DA:19,3
DA:20,1
DA:21,1
DA:22,1
DA:25,3
DA:26,10
DA:27,10
DA:28,10
DA:29,10
DA:30,10
DA:31,10
LF:20
LH:20
BRDA:10,0,0,1
BRF:1
BRH:1
end_of_record
TN:
SF:test\data\app.data.ts
FNF:0
FNH:0
DA:1,1
LF:1
LH:1
BRF:0
BRH:0
end_of_record
TN:
SF:test\data\auth.data.ts
FNF:0
FNH:0
DA:3,14
DA:5,14
DA:6,14
DA:8,14
DA:9,14
DA:10,14
DA:11,14
DA:12,14
DA:13,14
DA:14,14
DA:15,14
DA:16,14
DA:17,14
DA:18,14
DA:20,14
DA:22,14
DA:27,14
DA:32,14
DA:37,14
DA:42,14
DA:47,14
DA:53,14
LF:22
LH:22
BRF:0
BRH:0
end_of_record
TN:
SF:test\data\category.data.ts
FNF:0
FNH:0
DA:4,8
DA:5,8
DA:7,8
DA:13,8
DA:18,8
DA:23,8
DA:29,8
DA:35,8
LF:8
LH:8
BRF:0
BRH:0
end_of_record
TN:
SF:test\data\config.data.ts
FNF:0
FNH:0
DA:2,1
DA:3,1
DA:5,1
DA:6,1
DA:7,1
LF:5
LH:5
BRF:0
BRH:0
end_of_record
TN:
SF:test\data\post.data.ts
FNF:0
FNH:0
DA:4,8
DA:6,8
DA:8,8
DA:9,8
DA:10,8
DA:11,8
DA:12,8
DA:14,8
DA:25,8
DA:34,8
DA:42,8
DA:53,8
DA:64,8
DA:74,8
DA:75,8
DA:76,8
LF:16
LH:16
BRF:0
BRH:0
end_of_record
TN:
SF:test\data\token.data.ts
FNF:0
FNH:0
DA:4,1
DA:5,1
DA:6,1
LF:3
LH:3
BRF:0
BRH:0
end_of_record
TN:
SF:test\data\user.data.ts
FNF:0
FNH:0
DA:3,12
DA:6,12
DA:7,12
DA:9,12
DA:17,12
DA:26,12
DA:35,12
DA:45,12
DA:55,12
DA:63,12
DA:74,12
DA:82,12
DA:90,12
DA:97,12
DA:103,12
DA:110,12
DA:117,12
DA:125,12
DA:133,12
DA:141,12
DA:150,12
DA:151,12
DA:153,12
DA:154,12
LF:24
LH:24
BRF:0
BRH:0
end_of_record
TN:
SF:test\mocks\app.service.mock.ts
FN:7,(anonymous_0)
FNF:1
FNH:1
FNDA:1,(anonymous_0)
DA:1,1
DA:2,1
DA:4,1
DA:7,1
DA:11,1
LF:5
LH:5
BRF:0
BRH:0
end_of_record
TN:
SF:test\mocks\auth.service.mock.ts
FN:9,(anonymous_0)
FN:10,(anonymous_1)
FN:11,(anonymous_2)
FNF:3
FNH:3
FNDA:1,(anonymous_0)
FNDA:1,(anonymous_1)
FNDA:1,(anonymous_2)
DA:1,1
DA:3,1
DA:4,1
DA:6,1
DA:9,1
DA:10,1
DA:11,1
DA:15,1
LF:8
LH:8
BRF:0
BRH:0
end_of_record
TN:
SF:test\mocks\category.repository.mock.ts
FN:8,(anonymous_0)
FN:9,(anonymous_1)
FN:10,(anonymous_2)
FN:11,(anonymous_3)
FN:12,(anonymous_4)
FN:13,(anonymous_5)
FN:14,(anonymous_6)
FN:15,(anonymous_7)
FN:16,(anonymous_8)
FN:17,(anonymous_9)
FNF:10
FNH:10
FNDA:9,(anonymous_0)
FNDA:1,(anonymous_1)
FNDA:1,(anonymous_2)
FNDA:3,(anonymous_3)
FNDA:1,(anonymous_4)
FNDA:1,(anonymous_5)
FNDA:2,(anonymous_6)
FNDA:1,(anonymous_7)
FNDA:1,(anonymous_8)
FNDA:1,(anonymous_9)
DA:1,5
DA:3,5
DA:5,5
DA:8,9
DA:9,1
DA:10,1
DA:11,3
DA:12,1
DA:13,1
DA:14,2
DA:15,1
DA:16,1
DA:17,1
DA:21,5
LF:14
LH:14
BRF:0
BRH:0
end_of_record
TN:
SF:test\mocks\cryptographer.service.mock.ts
FN:9,(anonymous_0)
FN:17,(anonymous_1)
FNF:2
FNH:2
FNDA:3,(anonymous_0)
FNDA:4,(anonymous_1)
DA:1,2
DA:2,2
DA:4,2
DA:6,2
DA:10,3
DA:11,2
DA:13,1
DA:14,1
DA:18,4
DA:23,2
LF:10
LH:10
BRDA:10,0,0,2
BRDA:13,1,0,1
BRDA:18,2,0,4
BRDA:18,2,1,4
BRF:4
BRH:4
end_of_record
TN:
SF:test\mocks\jwt.service.mock.ts
FN:8,(anonymous_0)
FN:9,(anonymous_1)
FNF:2
FNH:2
FNDA:6,(anonymous_0)
FNDA:3,(anonymous_1)
DA:1,1
DA:3,1
DA:5,1
DA:8,6
DA:9,3
DA:13,1
LF:6
LH:6
BRF:0
BRH:0
end_of_record
TN:
SF:test\mocks\post.repository.mock.ts
FN:8,(anonymous_0)
FN:9,(anonymous_1)
FN:10,(anonymous_2)
FN:11,(anonymous_3)
FN:12,(anonymous_4)
FN:13,(anonymous_5)
FN:14,(anonymous_6)
FN:16,(anonymous_7)
FN:17,(anonymous_8)
FN:19,(anonymous_9)
FN:20,(anonymous_10)
FN:21,(anonymous_11)
FN:22,(anonymous_12)
FNF:13
FNH:13
FNDA:20,(anonymous_0)
FNDA:1,(anonymous_1)
FNDA:1,(anonymous_2)
FNDA:3,(anonymous_3)
FNDA:3,(anonymous_4)
FNDA:3,(anonymous_5)
FNDA:7,(anonymous_6)
FNDA:3,(anonymous_7)
FNDA:2,(anonymous_8)
FNDA:1,(anonymous_9)
FNDA:2,(anonymous_10)
FNDA:1,(anonymous_11)
FNDA:1,(anonymous_12)
DA:1,5
DA:3,5
DA:5,5
DA:8,20
DA:9,1
DA:10,1
DA:11,3
DA:12,3
DA:13,3
DA:15,7
DA:16,3
DA:18,2
DA:19,1
DA:20,2
DA:21,1
DA:22,1
DA:26,5
LF:17
LH:17
BRF:0
BRH:0
end_of_record
TN:
SF:test\mocks\post.service.mock.ts
FN:9,(anonymous_0)
FN:10,(anonymous_1)
FN:11,(anonymous_2)
FN:12,(anonymous_3)
FN:13,(anonymous_4)
FN:14,(anonymous_5)
FN:15,(anonymous_6)
FN:16,(anonymous_7)
FN:17,(anonymous_8)
FN:18,(anonymous_9)
FN:19,(anonymous_10)
FN:20,(anonymous_11)
FNF:12
FNH:12
FNDA:1,(anonymous_0)
FNDA:1,(anonymous_1)
FNDA:1,(anonymous_2)
FNDA:3,(anonymous_3)
FNDA:3,(anonymous_4)
FNDA:1,(anonymous_5)
FNDA:3,(anonymous_6)
FNDA:3,(anonymous_7)
FNDA:3,(anonymous_8)
FNDA:1,(anonymous_9)
FNDA:1,(anonymous_10)
FNDA:1,(anonymous_11)
DA:1,1
DA:4,1
DA:6,1
DA:9,1
DA:10,1
DA:11,1
DA:12,3
DA:13,3
DA:14,1
DA:15,3
DA:16,3
DA:17,3
DA:18,1
DA:19,1
DA:20,1
DA:24,1
LF:16
LH:16
BRF:0
BRH:0
end_of_record
TN:
SF:test\mocks\user.repository.mock.ts
FN:10,(anonymous_0)
FN:11,(anonymous_1)
FN:12,(anonymous_2)
FN:13,(anonymous_3)
FN:14,(anonymous_4)
FN:24,(anonymous_5)
FN:25,(anonymous_6)
FN:26,(anonymous_7)
FN:27,(anonymous_8)
FN:28,(anonymous_9)
FN:29,(anonymous_10)
FNF:11
FNH:11
FNDA:45,(anonymous_0)
FNDA:3,(anonymous_1)
FNDA:1,(anonymous_2)
FNDA:9,(anonymous_3)
FNDA:16,(anonymous_4)
FNDA:1,(anonymous_5)
FNDA:1,(anonymous_6)
FNDA:2,(anonymous_7)
FNDA:3,(anonymous_8)
FNDA:3,(anonymous_9)
FNDA:1,(anonymous_10)
DA:1,5
DA:3,5
DA:4,5
DA:5,5
DA:7,5
DA:10,45
DA:11,3
DA:12,1
DA:13,9
DA:16,16
DA:17,12
DA:18,12
DA:19,1
DA:22,16
DA:24,1
DA:25,1
DA:26,2
DA:27,3
DA:28,3
DA:29,1
DA:33,5
LF:21
LH:21
BRDA:16,0,0,12
BRDA:16,1,0,16
BRDA:16,1,1,16
BRDA:18,2,0,1
BRDA:18,3,0,12
BRDA:18,3,1,7
BRF:6
BRH:6
end_of_record
TN:
SF:test\mocks\user.service.mock.ts
FN:9,(anonymous_0)
FN:10,(anonymous_1)
FN:11,(anonymous_2)
FN:12,(anonymous_3)
FN:13,(anonymous_4)
FN:14,(anonymous_5)
FN:15,(anonymous_6)
FN:16,(anonymous_7)
FNF:8
FNH:8
FNDA:1,(anonymous_0)
FNDA:2,(anonymous_1)
FNDA:1,(anonymous_2)
FNDA:1,(anonymous_3)
FNDA:1,(anonymous_4)
FNDA:1,(anonymous_5)
FNDA:1,(anonymous_6)
FNDA:1,(anonymous_7)
DA:1,2
DA:4,2
DA:6,2
DA:9,1
DA:10,2
DA:11,1
DA:12,1
DA:13,1
DA:14,1
DA:15,1
DA:16,1
DA:20,2
LF:12
LH:12
BRF:0
BRH:0
end_of_record
TN:
SF:test\stubs\data.module.stub.ts
FN:9,(anonymous_1)
FNF:1
FNH:1
FNDA:6,(anonymous_1)
DA:1,5
DA:4,5
DA:5,5
DA:7,5
DA:11,6
DA:14,6
DA:16,5
DA:18,5
DA:19,5
DA:22,5
LF:10
LH:10
BRDA:16,0,0,5
BRF:1
BRH:1
end_of_record
TN:
SF:test\stubs\mongo-data.module.stub.ts
FNF:0
FNH:0
DA:1,5
DA:3,5
DA:4,5
DA:5,5
DA:6,5
DA:20,5
LF:6
LH:6
BRF:0
BRH:0
end_of_record
